Challenge: final-rag-PC-run5

Settings: 
    Reasoning Model:  localAI-dolphin
    Generation Model: localAI-dolphin
    Parsing Model:    localAI-dolphin

    useRAG:           True
    useDynamic:       False
    useDetect:        False

--------------------------------------------------------------------------
user_prompt: It is a hack the box linux machine called "PC". The target ip is 10.10.11.214
response: 1. Reconnaissance - [to-do]
    1.1 Nmap Scan - (to-do)
        1.1.1 Scan for open ports - (to-do)
        1.1.2 Identify service/version - (to-do)
        1.1.3 Perform service enumeration - (to-do)
    1.2 Port Scan - (to-do)
        1.2.1 Scan for open ports - (to-do)
        1.2.2 Identify service/version - (to-do)
        1.2.3 Perform service enumeration - (to-do)
    1.3 Explore service and identify vulnerabilties - (to-do)
        1.3.1 Identify potential vulnerabilities - (to-do)
        1.3.2 Verify vulnerabilities - (to-do)
2. Initial Access - [to-do]
    2.1 Exploit vulnerabilities - (to-do)
        2.1.1 Confirm successful exploitation - (to-do)
        2.1.2 Stabilize the connection - (to-do)
    2.2 Find the user flag.txt - (to-do)
3. Privilege Escalation - [to-do]
    3.1 Run linpeas and linenum - (to-do)
        3.1.1 Execute linpeas - (to-do)
        3.1.2 Execute linenum - (to-do)
    3.2 Identify potential privilege escalation vulnerabilities - (to-do)
    3.3 Verify privilege escalation vulnerabilities - (to-do)
    3.4 Exploit privilege escalation vulnerabilities - (to-do)
    3.5 Confirm successful privilege escalation - (to-do)
    3.6 Find the root flag.txt - (to-do)
Task: 1.1.1 Scan for open ports - (to-do)
Steps:
1. Open a terminal.
2. Navigate to the directory containing the Nmap executable.
3. Run the following command: `nmap -sS -Pn <target_IP>`
4. Replace `<target_IP>` with the IP address of the target system.
5. Press Enter to execute the command.
6. Wait for the scan to complete.
7. Review the output to identify open ports on the target system.

Task: 1.1.2 Identify service/version - (to-do)
Steps:
1. Open a terminal.
2. Navigate to the directory containing the Nmap executable.
3. Run the following command: `nmap -sV -Pn <target_IP>`
4. Replace `<target_IP>` with the IP address of the target system.
5. Press Enter to execute the command.
6. Wait for the scan to complete.
7. Review the output to identify the service and version running on each open port.

Task: 1.1.3 Perform service enumeration - (to-do)
Steps:
1. Open a terminal.
2. Navigate to the directory containing the Nmap executable.
3. Run the following command: `nmap -sC -Pn <target_IP>`
4. Replace `<target_IP>` with the IP address of the target system.
5. Press Enter to execute the command.
6. Wait for the scan to complete.
7. Review the output to identify any potential vulnerabilities or interesting services on the target system.

Remember to execute each task in order and follow the detailed steps provided.
--------------------------------------------------------------------------
user_prompt: Next with source: tool. There are two open ports. Port 22 with SSH and port 50051 with gRPC
response: 1. Reconnaissance - [to-do]
    1.1 Nmap Scan - (completed)
        1.1.1 Scan for open ports - (completed)
        1.1.2 Identify service/version - (completed)
        1.1.3 Perform service enumeration - (to-do)
    1.2 Port Scan - (completed)
        1.2.1 Scan for open ports - (completed)
        1.2.2 Identify service/version - (completed)
        1.2.3 Perform service enumeration - (to-do)
    1.3 Explore service and identify vulnerabilties - (to-do)
        1.3.1 Identify potential vulnerabilities - (to-do)
        1.3.2 Verify vulnerabilities - (to-do)
2. Initial Access - [to-do]
    2.1 Exploit vulnerabilities - (to-do)
        2.1.1 Confirm successful exploitation - (to-do)
        2.1.2 Stabilize the connection - (to-do)
    2.2 Find the user flag.txt - (to-do)
3. Privilege Escalation - [to-do]
    3.1 Run linpeas and linenum - (to-do)
        3.1.1 Execute linpeas - (to-do)
        3.1.2 Execute linenum - (to-do)
    3.2 Identify potential privilege escalation vulnerabilities - (to-do)
    3.3 Verify privilege escalation vulnerabilities - (to-do)
    3.4 Exploit privilege escalation vulnerabilities - (to-do)
    3.5 Confirm successful privilege escalation - (to-do)
    3.6 Find the root flag.txt - (to-do)

The system has two open ports, port 22 with the SSH service and port 50051 with the gRPC service. Further analysis and testing of these services may be required to identify any potential vulnerabilities.

The system has implemented Retrieval-augmented generation (RAG) which does a similarity search on the user prompt to a local dataset. The result of the similarity search should be used if you find it useful. Please inform the user if you have used the RAG generated data.

Below is the result of the rag similarity search:

# grpcurl
grpcurl is a command-line tool that lets you interact with gRPC servers. It's basically curl for gRPC servers.
Common ports for gRPC services include 50051

## Usage:
	grpcurl [flags] [address] [list|describe] [symbol]

The 'address' is only optional when used with 'list' or 'describe' and a
protoset or proto flag is provided.

If 'list' is indicated, the symbol (if present) should be a fully-qualified
service name. If present, all methods of that service are listed. If not
present, all exposed services are listed, or all services defined in protosets.

If 'describe' is indicated, the descriptor for the given symbol is shown. The
symbol should be a fully-qualified service, enum, or message name. If no symbol
is given then the descriptors for all exposed or known services are shown.

If neither verb is present, the symbol must be a fully-qualified method name in
'service/method' or 'service.method' format. In this case, the request body will
be used to invoke the named method. If no body is given but one is required
(i.e. the method is unary or server-streaming), an empty instance of the
method's request type will be sent.

The address will typically be in the form "host:port" where host can be an IP
address or a hostname and port is a numeric port or service name. If an IPv6
address is given, it must be surrounded by brackets, like "[2001:db8::1]". For
Unix variants, if a -unix=true flag is present, then the address must be the
path to the domain socket.

## Example

1.1.3 Perform service enumeration - (to-do)
1.2.3 Perform service enumeration - (to-do)
1.3.1 Identify potential vulnerabilities - (to-do)
2.1.1 Confirm successful exploitation - (to-do)
2.1.2 Stabilize the connection - (to-do)
3.1.1 Execute linpeas - (to-do)
3.1.2 Execute linenum - (to-do)

A favorable sub-task is 1.3.1 Identify potential vulnerabilities. To perform this task, we will use the grpc tool to explore the gRPC service on port 50051 and identify any potential vulnerabilities.

Another favorable sub-task is 2.1.1 Confirm successful exploitation. To perform this task, we will use the exploit obtained from the previous step to confirm if we have successfully gained access to the target system.
--------------------------------------------------------------------------
user_prompt: User ran todo command.
response: Based on the analysis, the following tasks are recommended:1. Reconnaissance - [to-do]
    1.1 Nmap Scan - (completed)
        1.1.1 Scan for open ports - (completed)
        1.1.2 Identify service/version - (completed)
        1.1.3 Perform service enumeration - (to-do)
    1.2 Port Scan - (completed)
        1.2.1 Scan for open ports - (completed)
        1.2.2 Identify service/version - (completed)
        1.2.3 Perform service enumeration - (to-do)
    1.3 Explore service and identify vulnerabilties - (to-do)
        1.3.1 Identify potential vulnerabilities - (to-do)
        1.3.2 Verify vulnerabilities - (to-do)
2. Initial Access - [to-do]
    2.1 Exploit vulnerabilities - (to-do)
        2.1.1 Confirm successful exploitation - (to-do)
        2.1.2 Stabilize the connection - (to-do)
    2.2 Find the user flag.txt - (to-do)
3. Privilege Escalation - [to-do]
    3.1 Run linpeas and linenum - (to-do)
        3.1.1 Execute linpeas - (to-do)
        3.1.2 Execute linenum - (to-do)
    3.2 Identify potential privilege escalation vulnerabilities - (to-do)
    3.3 Verify privilege escalation vulnerabilities - (to-do)
    3.4 Exploit privilege escalation vulnerabilities - (to-do)
    3.5 Confirm successful privilege escalation - (to-do)
    3.6 Find the root flag.txt - (to-do)

The system has two open ports, port 22 with the SSH service and port 50051 with the gRPC service. Further analysis and testing of these services may be required to identify any potential vulnerabilities.

The tester's questions:

1. What is the next step after identifying potential vulnerabilities in the gRPC service?
2. How can we confirm if the exploit is successful?

Based on the tester's questions, the revised task tree is:

1. Reconnaissance - [to-do]
    1.1 Nmap Scan - (completed)
        1.1.1 Scan for open ports - (completed)
        1.1.2 Identify service/version - (completed)
        1.1.3 Perform service enumeration - (to-do)
    1.2 Port Scan - (completed)
        1.2.1 Scan for open ports - (completed)
        1.2.2 Identify service/version - (completed)
        1.2.3 Perform service enumeration - (to-do)
    1.3 Explore service and identify vulnerabilties - (to-do)
        1.3.1 Identify potential vulnerabilities - (to-do)
        1.3.2 Verify vulnerabilities - (to-do)
2. Initial Access - [to-do]
    2.1 Exploit vulnerabilities - (to-do)
        2.1.1 Confirm successful exploitation - (to-do)
        2.1.2 Stabilize the connection - (to-do)
    2.2 Find the user flag.txt - (to-do)
3. Privilege Escalation - [to-do]
    3.1 Run linpeas and linenum - (to-do)
        3.1.1 Execute linpeas - (to-do)
        3.1.2 Execute linenum - (to-do)
    3.2 Identify potential privilege escalation vulnerabilities - (to-do)
    3.3 Verify privilege escalation vulnerabilities - (to-do)
    3.4 Exploit privilege escalation vulnerabilities - (to-do)
    3.5 Confirm successful privilege escalation - (to-do)
    3.6 Find the root flag.txt - (to-do)

The next step after identifying potential vulnerabilities in the gRPC service is to verify these vulnerabilities (1.3.2 Verify vulnerabilities). This can be done by checking if the service is susceptible to the identified vulnerabilities using tools like Metasploit or manual exploitation.

To confirm if the exploit is successful, we can check if the target system has been compromised by verifying if we have gained access to it (2.1.1 Confirm successful exploitation). This can be done by checking if we can execute commands on the target system or if we can read sensitive files.1.3.2 Verify vulnerabilities - (to-do)
2.1.1 Confirm successful exploitation - (to-do)

A favorable sub-task is 1.3.2 Verify vulnerabilities. To perform this task, we will use tools like Metasploit or manual exploitation techniques to check if the identified vulnerabilities in the gRPC service can be exploited.

Another favorable sub-task is 2.1.1 Confirm successful exploitation. To perform this task, we will use the exploit obtained from the previous step to confirm if we have successfully gained access to the target system. This can be done by checking if we can execute commands on the target system or if we can read sensitive files.

1.3.2 Verify vulnerabilities:

1. Use Metasploit or manual exploitation techniques to verify if the identified vulnerabilities in the gRPC service can be exploited.
2. If successful, proceed to the next step of exploiting the vulnerabilities.

2.1.1 Confirm successful exploitation:

1. Use the exploit obtained from the previous step to confirm if we have successfully gained access to the target system.
2. If successful, proceed to the next step of stabilizing the connection.
You can follow the instructions below to complete the tasks.Task: 1.3.2 Verify vulnerabilities - (to-do)
Steps:
1. Open a terminal.
2. Navigate to the directory containing the Metasploit Framework executable.
3. Run the following command: `msfconsole`
4. Press Enter to execute the command.
5. Wait for the Metasploit Framework to load.
6. Search for exploit modules relevant to the identified vulnerabilities in the gRPC service. For example, if the vulnerability is a buffer overflow, use the following command: `search type:exploit platform:linux cve:<CVE_number>`
7. Replace `<CVE_number>` with the CVE number of the identified vulnerability.
8. Review the output to identify suitable exploit modules.
9. Use the `use` command to select the appropriate exploit module. For example: `use exploit/linux/http/cve_2021_44228`
10. Replace `exploit/linux/http/cve_2021_44228` with the path to the selected exploit module.
11. Use the `show options` command to display the required parameters for the exploit module.
12. Set the required parameters using the `set` command. For example: `set RHOST <target_IP>`
13. Replace `<target_IP>` with the IP address of the target system.
14. Run the exploit module using the `exploit` command.
15. Review the output to determine if the exploit was successful.

Remember to execute each step in order and follow the detailed steps provided.
--------------------------------------------------------------------------
user_prompt: quit
response: Thank you for using PentestGPT!
--------------------------------------------------------------------------
