Challenge: final-rag-PC-run1

Settings: 
    Reasoning Model:  localAI-dolphin
    Generation Model: localAI-dolphin
    Parsing Model:    localAI-dolphin

    useRAG:           True
    useDynamic:       False
    useDetect:        False

--------------------------------------------------------------------------
user_prompt: I have a Hack the Box machine called "PC". It is a Linux machine. The target IP is 10.10.11.214
response: 1. Reconnaissance - [to-do]
    1.2 Port Scan - (to-do)
    1.3 Explore service and identify vulnerabilties - (to-do)
2. Initial Access - [to-do]
    2.1 Exploit vulnerabilities - (to-do)
    2.2 Find the user flag.txt - (to-do)
3. Privilege Escalation - [to-do]
    3.1 Run linpeas and linenum - (to-do)
    3.2 Find the root flag.txt - (to-do)

Here is the PTT for the given target information:

1. Reconnaissance - [to-do]
    1.2 Port Scan - (to-do)
        1.2.1 Perform a port scan using nmap - (to-do)
        1.2.2 Identify open ports and services - (to-do)
    1.3 Explore service and identify vulnerabilties - (to-do)
        1.3.1 Identify the operating system and version - (to-do)
        1.3.2 Identify the services and their versions - (to-do)
        1.3.3 Research known vulnerabilities for each service and version - (to-do)
2. Initial Access - [to-do]
    2.1 Exploit vulnerabilities - (to-do)
        2.1.1 Identify a suitable exploit for the discovered vulnerabilities - (to-do)
        2.1.2 Prepare the payload and exploit - (to-do)
        2.1.3 Execute the exploit and verify initial access - (to-do)
    2.2 Find the user flag.txt - (to-do)
        2.2.1 Search for the user flag.txt file - (to-do)
        2.2.2 Read the contents of the user flag.txt file - (to-do)
3. Privilege Escalation - [to-do]
    3.1 Run linpeas and linenum - (to-do)
        3.1.1 Download and transfer linpeas and linenum to the target machine - (to-do)
        3.1.2 Run linpeas and linenum to identify potential privilege escalation vulnerabilities - (to-do)
    3.2 Find the root flag.txt - (to-do)
        3.2.1 Exploit the identified privilege escalation vulnerabilities - (to-do)
        3.2.2 Verify the privilege escalation by accessing the root flag.txt file - (to-do)
I understand the task. I will provide the detailed steps for the tester to perform the given task.

Task: Perform a port scan using nmap

1. Open a terminal or command prompt on your system.
2. Ensure you have nmap installed. If not, install it using your system's package manager (e.g., apt, yum, or brew).
3. Type the following command to perform a port scan on the target IP address (replace "192.168.1.100" with the actual target IP address):
```
nmap -sS -A -T4 192.168.1.100
```
4. Press Enter to execute the command.
5. Wait for the scan to complete. The output will display the open ports and their corresponding services.

Task: Identify open ports and services

1. Review the output of the nmap scan.
2. Take note of the open ports and their corresponding services.

Task: Identify the operating system and version

1. Review the output of the nmap scan.
2. Look for the "OS details" section in the output.
3. Note the operating system and version information.

Task: Identify the services and their versions

1. Review the output of the nmap scan.
2. Look for the "Service Info" section in the output.
3. Note the service names and their corresponding versions.

Task: Research known vulnerabilities for each service and version

1. Open a web browser and go to a vulnerability database website, such as CVE Details or Exploit-DB.
2. Search for the service names and their corresponding versions using the search function on the website.
3. Take note of any known vulnerabilities for the discovered services and versions.

Task: Identify a suitable exploit for the discovered vulnerabilities

1. Open a web browser and go to a vulnerability database website, such as CVE Details or Exploit-DB.
2. Search for the discovered vulnerabilities using the search function on the website.
3. Take note of any available exploits for the discovered vulnerabilities.

Task: Prepare the payload and exploit

1. Download the necessary exploit code from the web or create a custom exploit based on the discovered vulnerability.
2. Modify the exploit code to include a payload that will give you initial access to the target system.
3. Compile the exploit code if necessary.

Task: Execute the exploit and verify initial access

1. Open a terminal or command prompt on your system.
2. Type the following command to run the exploit (replace "path/to/exploit" with the actual path to the exploit file):
```
./path/to/exploit
```
3. Press Enter to execute the command.
4. Wait for the exploit to run. If the exploit is successful, you will gain initial access to the target system.
5. Verify your access by checking the user flag.txt file on the target system.

Task: Download and transfer linpeas and linenum to the target machine

1. Open a web browser and go to the GitHub repository of linpeas and linenum (https://github.com/carlospolop/privilege-escalation-awesome-scripts-suite).
2. Download the latest version of linpeas and linenum by clicking on the "Raw" button for each file.
3. Transfer the downloaded linpeas and linenum files to the target system using a secure file transfer method, such as SCP or SFTP.

Task: Run linpeas and linenum to identify potential privilege escalation vulnerabilities

1. Open a terminal or command prompt on the target system.
2. Type the following command to run linpeas (replace "path/to/linpeas" with the actual path to the linpeas file):
```
chmod +x path/to/linpeas
./path/to/linpeas
```
3. Press Enter to execute the command.
4. Type the following command to run linenum (replace "path/to/linenum" with the actual path to the linenum file):
```
chmod +x path/to/linenum
./path/to/linenum
```
5. Press Enter to execute the command.
6. Review the output of linpeas and linenum for potential privilege escalation vulnerabilities.

Task: Exploit the identified privilege escalation vulnerabilities

1. Research the identified privilege escalation vulnerabilities and determine the best exploit method.
2. Download or create the necessary exploit code.
3. Modify the exploit code to include a payload that will give you root access to the target system.
4. Compile the exploit code if necessary.

Task: Verify the privilege escalation by accessing the root flag.txt file

1. Open a terminal or command prompt on the target system.
2. Type the following command to change your user account to the root user (replace "your_password" with the actual password for the root user):
```
su -c "echo 'your_password' | su -"
```
3. Press Enter to execute the command.
4. Wait for the command to run. If the command is successful, you will now be logged in as the root user.
5. Verify your access by checking the root flag.txt file on the target system.
--------------------------------------------------------------------------
user_prompt: Next with source: tool. This is the result of the nmap scan:
Nmap scan report for 10.10.11.214
Host is up (0.027s latency).
Not shown: 65533 filtered tcp ports (no-response)
PORT      STATE SERVICE VERSION
22/tcp    open  ssh     OpenSSH 8.2p1 Ubuntu 4ubuntu0.7 (Ubuntu Linux; protocol 2.0)
50051/tcp open  unknown
1 service unrecognized despite returning data. If you know the service/version, please submit the following fingerprint at https://nmap.org/cgi-bin/submit.cgi?new-service :
SF-Port50051-TCP:V=7.94SVN%I=7%D=4/15%Time=661D1C13%P=x86_64-pc-linux-gnu%
SF:r(NULL,2E,"\0\0\x18\x04\0\0\0\0\0\0\x04\0\?\xff\xff\0\x05\0\?\xff\xff\0
SF:\x06\0\0\x20\0\xfe\x03\0\0\0\x01\0\0\x04\x08\0\0\0\0\0\0\?\0\0")%r(Gene
SF:ricLines,2E,"\0\0\x18\x04\0\0\0\0\0\0\x04\0\?\xff\xff\0\x05\0\?\xff\xff
SF:\0\x06\0\0\x20\0\xfe\x03\0\0\0\x01\0\0\x04\x08\0\0\0\0\0\0\?\0\0")%r(Ge
SF:tRequest,2E,"\0\0\x18\x04\0\0\0\0\0\0\x04\0\?\xff\xff\0\x05\0\?\xff\xff
SF:\0\x06\0\0\x20\0\xfe\x03\0\0\0\x01\0\0\x04\x08\0\0\0\0\0\0\?\0\0")%r(HT
SF:TPOptions,2E,"\0\0\x18\x04\0\0\0\0\0\0\x04\0\?\xff\xff\0\x05\0\?\xff\xf
SF:f\0\x06\0\0\x20\0\xfe\x03\0\0\0\x01\0\0\x04\x08\0\0\0\0\0\0\?\0\0")%r(R
SF:TSPRequest,2E,"\0\0\x18\x04\0\0\0\0\0\0\x04\0\?\xff\xff\0\x05\0\?\xff\x
SF:ff\0\x06\0\0\x20\0\xfe\x03\0\0\0\x01\0\0\x04\x08\0\0\0\0\0\0\?\0\0")%r(
SF:RPCCheck,2E,"\0\0\x18\x04\0\0\0\0\0\0\x04\0\?\xff\xff\0\x05\0\?\xff\xff
SF:\0\x06\0\0\x20\0\xfe\x03\0\0\0\x01\0\0\x04\x08\0\0\0\0\0\0\?\0\0")%r(DN
SF:SVersionBindReqTCP,2E,"\0\0\x18\x04\0\0\0\0\0\0\x04\0\?\xff\xff\0\x05\0
SF:\?\xff\xff\0\x06\0\0\x20\0\xfe\x03\0\0\0\x01\0\0\x04\x08\0\0\0\0\0\0\?\
SF:0\0")%r(DNSStatusRequestTCP,2E,"\0\0\x18\x04\0\0\0\0\0\0\x04\0\?\xff\xf
SF:f\0\x05\0\?\xff\xff\0\x06\0\0\x20\0\xfe\x03\0\0\0\x01\0\0\x04\x08\0\0\0
SF:\0\0\0\?\0\0")%r(Help,2E,"\0\0\x18\x04\0\0\0\0\0\0\x04\0\?\xff\xff\0\x0
SF:5\0\?\xff\xff\0\x06\0\0\x20\0\xfe\x03\0\0\0\x01\0\0\x04\x08\0\0\0\0\0\0
SF:\?\0\0")%r(SSLSessionReq,2E,"\0\0\x18\x04\0\0\0\0\0\0\x04\0\?\xff\xff\0
SF:\x05\0\?\xff\xff\0\x06\0\0\x20\0\xfe\x03\0\0\0\x01\0\0\x04\x08\0\0\0\0\
SF:0\0\?\0\0")%r(TerminalServerCookie,2E,"\0\0\x18\x04\0\0\0\0\0\0\x04\0\?
SF:\xff\xff\0\x05\0\?\xff\xff\0\x06\0\0\x20\0\xfe\x03\0\0\0\x01\0\0\x04\x0
SF:8\0\0\0\0\0\0\?\0\0")%r(TLSSessionReq,2E,"\0\0\x18\x04\0\0\0\0\0\0\x04\
SF:0\?\xff\xff\0\x05\0\?\xff\xff\0\x06\0\0\x20\0\xfe\x03\0\0\0\x01\0\0\x04
SF:\x08\0\0\0\0\0\0\?\0\0")%r(Kerberos,2E,"\0\0\x18\x04\0\0\0\0\0\0\x04\0\
SF:?\xff\xff\0\x05\0\?\xff\xff\0\x06\0\0\x20\0\xfe\x03\0\0\0\x01\0\0\x04\x
SF:08\0\0\0\0\0\0\?\0\0")%r(SMBProgNeg,2E,"\0\0\x18\x04\0\0\0\0\0\0\x04\0\
SF:?\xff\xff\0\x05\0\?\xff\xff\0\x06\0\0\x20\0\xfe\x03\0\0\0\x01\0\0\x04\x
SF:08\0\0\0\0\0\0\?\0\0")%r(X11Probe,2E,"\0\0\x18\x04\0\0\0\0\0\0\x04\0\?\
SF:xff\xff\0\x05\0\?\xff\xff\0\x06\0\0\x20\0\xfe\x03\0\0\0\x01\0\0\x04\x08
SF:\0\0\0\0\0\0\?\0\0");
Service Info: OS: Linux; CPE: cpe:/o:linux:linux_kernel

Service detection performed. Please report any incorrect results at https://nmap.org/submit/ .
Nmap done: 1 IP address (1 host up) scanned in 139.35 seconds
response: 1. Reconnaissance - [to-do]
    1.2 Port Scan - [completed]
        1.2.1 Perform a port scan using nmap - [completed]
        1.2.2 Identify open ports and services - [completed]
    1.3 Explore service and identify vulnerabilties - [to-do]
        1.3.1 Identify the operating system and version - [completed]
        1.3.2 Identify the services and their versions - [completed]
        1.3.3 Research known vulnerabilities for each service and version - [to-do]
2. Initial Access - [to-do]
    2.1 Exploit vulnerabilities - [to-do]
        2.1.1 Identify a suitable exploit for the discovered vulnerabilities - [to-do]
        2.1.2 Prepare the payload and exploit - [to-do]
        2.1.3 Execute the exploit and verify initial access - [to-do]
    2.2 Find the user flag.txt - [to-do]
        2.2.1 Search for the user flag.txt file - [to-do]
        2.2.2 Read the contents of the user flag.txt file - [to-do]
3. Privilege Escalation - [to-do]
    3.1 Run linpeas and linenum - [to-do]
        3.1.1 Download and transfer linpeas and linenum to the target machine - [to-do]
        3.1.2 Run linpeas and linenum to identify potential privilege escalation vulnerabilities - [to-do]
    3.2 Find the root flag.txt - [to-do]
        3.2.1 Exploit the identified privilege escalation vulnerabilities - [to-do]
        3.2.2 Verify the privilege escalation by accessing the root flag.txt file - [to-do]

Here is the updated PTT with the given test results:

1. Reconnaissance - [to-do]
    1.2 Port Scan - [completed]
        1.2.1 Perform a port scan using nmap - [completed]
        1.2.2 Identify open ports and services - [completed]
    1.3 Explore service and identify vulnerabilties - [to-do]
        1.3.1 Identify the operating system and version - [completed]
        1.3.2 Identify the services and their versions - [completed]
        1.3.3 Research known vulnerabilities for each service and version - [to-do]
2. Initial Access - [to-do]
    2.1 Exploit vulnerabilities - [to-do]
        2.1.1 Identify a suitable exploit for the discovered vulnerabilities - [to-do]
        2.1.2 Prepare the payload and exploit - [to-do]
        2.1.3 Execute the exploit and verify initial access - [to-do]
    2.2 Find the user flag.txt - [to-do]
        2.2.1 Search for the user flag.txt file - [to-do]
        2.2.2 Read the contents of the user flag.txt file - [to-do]
3. Privilege Escalation - [to-do]
    3.1 Run linpeas and linenum - [to-do]
        3.1.1 Download and transfer linpeas and linenum to the target machine - [to-do]
        3.1.2 Run linpeas and linenum to identify potential privilege escalation vulnerabilities - [to-do]
    3.2 Find the root flag.txt - [to-do]
        3.2.1 Exploit the identified privilege escalation vulnerabilities - [to-do]
        3.2.2 Verify the privilege escalation by accessing the root flag.txt file - [to-do]

Based on the provided test results, the following tasks have been marked as completed:

1. Reconnaissance - [to-do]
    1.2 Port Scan - [completed]
        1.2.1 Perform a port scan using nmap - [completed]
        1.2.2 Identify open ports and services - [completed]
    1.3 Explore service and identify vulnerabilties - [to-do]
        1.3.1 Identify the operating system and version - [completed]

The remaining tasks are still in progress and will be updated as the penetration testing process continues.Here are the possible todo tasks in the PTT:

1. Reconnaissance - [to-do]
    1.3 Explore service and identify vulnerabilties - [to-do]
        1.3.3 Research known vulnerabilities for each service and version - [to-do]
2. Initial Access - [to-do]
    2.1 Exploit vulnerabilities - [to-do]
        2.1.1 Identify a suitable exploit for the discovered vulnerabilities - [to-do]
        2.1.2 Prepare the payload and exploit - [to-do]
        2.1.3 Execute the exploit and verify initial access - [to-do]
3. Privilege Escalation - [to-do]
    3.1 Run linpeas and linenum - [to-do]
        3.1.1 Download and transfer linpeas and linenum to the target machine - [to-do]

Considering the given information, the most favorable and likely to lead to a successful exploit is the following sub-task:

1.3.3 Research known vulnerabilities for each service and version - [to-do]

To perform this task, follow these steps:

1. Identify the operating system and version: In this case, the detected operating system is Linux, with CPE: cpe:/o:linux:linux_kernel.
2. Identify the services and their versions: Port 22 is open, running OpenSSH 8.2p1 Ubuntu 4ubuntu0.7 (Ubuntu Linux; protocol 2.0). Port 50051 is open, with an unrecognized service.

Next, research known vulnerabilities for each service and version. This can be done using various resources, such as the National Vulnerability Database (NVD), Exploit-DB, and Google searches for known vulnerabilities and exploits related to the specific services and versions.
--------------------------------------------------------------------------
user_prompt: Next with source: user-comments. I have discovered that the service running on 50051 is gRPC
response: 1. Reconnaissance - [to-do]
    1.2 Port Scan - [completed]
        1.2.1 Perform a port scan using nmap - [completed]
        1.2.2 Identify open ports and services - [completed]
    1.3 Explore service and identify vulnerabilties - [to-do]
        1.3.1 Identify the operating system and version - [completed]
        1.3.2 Identify the services and their versions - [completed]
        1.3.3 Research known vulnerabilities for each service and version - [to-do]
2. Initial Access - [to-do]
    2.1 Exploit vulnerabilities - [to-do]
        2.1.1 Identify a suitable exploit for the discovered vulnerabilities - [to-do]
        2.1.2 Prepare the payload and exploit - [to-do]
        2.1.3 Execute the exploit and verify initial access - [to-do]
    2.2 Find the user flag.txt - [to-do]
        2.2.1 Search for the user flag.txt file - [to-do]
        2.2.2 Read the contents of the user flag.txt file - [to-do]
3. Privilege Escalation - [to-do]
    3.1 Run linpeas and linenum - [to-do]
        3.1.1 Download and transfer linpeas and linenum to the target machine - [to-do]
        3.1.2 Run linpeas and linenum to identify potential privilege escalation vulnerabilities - [to-do]
    3.2 Find the root flag.txt - [to-do]
        3.2.1 Exploit the identified privilege escalation vulnerabilities - [to-do]
        3.2.2 Verify the privilege escalation by accessing the root flag.txt file - [to-do]

Here is the updated PTT with the given test results:

1. Reconnaissance - [to-do]
    1.2 Port Scan - [completed]
        1.2.1 Perform a port scan using nmap - [completed]
        1.2.2 Identify open ports and services - [completed]
    1.3 Explore service and identify vulnerabilties - [to-do]
        1.3.1 Identify the operating system and version - [completed]
        1.3.2 Identify the services and their versions - [completed]
        1.3.3 Research known vulnerabilities for each service and version - [to-do]
2. Initial Access - [to-do]
    2.1 Exploit vulnerabilities - [to-do]
        2.1.1 Identify a suitable exploit for the discovered vulnerabilities - [to-do]
        2.1.2 Prepare the payload and exploit - [to-do]
        2.1.3 Execute the exploit and verify initial access - [to-do]
    2.2 Find the user flag.txt - [to-do]
        2.2.1 Search for the user flag.txt file - [to-do]
        2.2.2 Read the contents of the user flag.txt file - [to-do]
3. Privilege Escalation - [to-do]
    3.1 Run linpeas and linenum - [to-do]
        3.1.1 Download and transfer linpeas and linenum to the target machine - [to-do]
        3.1.2 Run linpeas and linenum to identify potential privilege escalation vulnerabilities - [to-do]
    3.2 Find the root flag.txt - [to-do]
        3.2.1 Exploit the identified privilege escalation vulnerabilities - [to-do]
        3.2.2 Verify the privilege escalation by accessing the root flag.txt file - [to-do]

Based on the provided test results, the following tasks have been marked as completed:

1. Reconnaissance - [to-do]
    1.2 Port Scan - [completed]
        1.2.1 Perform a port scan using nmap - [completed]
        1.2.2 Identify open ports and services - [completed]

The remaining tasks are still in progress and will be updated as the penetration testing process continues.

Here is the additional information provided:

1. The service running on port 50051 is identified as gRPC.

This information can be used to further explore vulnerabilities related to the gRPC service and potentially exploit them for initial access.Here are the possible todo tasks in the PTT:

1. Reconnaissance - [to-do]
    1.3 Explore service and identify vulnerabilties - [to-do]
        1.3.3 Research known vulnerabilities for each service and version - [to-do]
2. Initial Access - [to-do]
    2.1 Exploit vulnerabilities - [to-do]
        2.1.1 Identify a suitable exploit for the discovered vulnerabilities - [to-do]
        2.1.2 Prepare the payload and exploit - [to-do]
        2.1.3 Execute the exploit and verify initial access - [to-do]
3. Privilege Escalation - [to-do]
    3.1 Run linpeas and linenum - [to-do]
        3.1.1 Download and transfer linpeas and linenum to the target machine - [to-do]

Considering the given information, the most favorable and likely to lead to a successful exploit is the following sub-task:

1.3.3 Research known vulnerabilities for each service and version - [to-do]

To perform this task, follow these steps:

1. Research known vulnerabilities for the gRPC service: Since the service running on port 50051 is identified as gRPC, research known vulnerabilities related to this service. This can be done using various resources, such as the National Vulnerability Database (NVD), Exploit-DB, and Google searches for known vulnerabilities and exploits related to the gRPC service.
2. Identify any discovered vulnerabilities that could be exploited for initial access: Once potential vulnerabilities are found, assess their exploitability and potential impact on the target system. If a suitable vulnerability is identified, proceed to the next steps in the PTT to exploit it and gain initial access.

Note that the provided example of grpcurl usage can be used to interact with the gRPC service, but it does not directly provide a method for exploiting vulnerabilities.
--------------------------------------------------------------------------
user_prompt: Discuss | Should we first interact with gRPC and see what methods it has?
response: 1. Reconnaissance - [to-do]
    1.2 Port Scan - [completed]
        1.2.1 Perform a port scan using nmap - [completed]
        1.2.2 Identify open ports and services - [completed]
    1.3 Explore service and identify vulnerabilties - [to-do]
        1.3.1 Identify the operating system and version - [completed]
        1.3.2 Identify the services and their versions - [completed]
        1.3.3 Research known vulnerabilities for each service and version - [to-do]
2. Initial Access - [to-do]
    2.1 Exploit vulnerabilities - [to-do]
        2.1.1 Identify a suitable exploit for the discovered vulnerabilities - [to-do]
        2.1.2 Prepare the payload and exploit - [to-do]
        2.1.3 Execute the exploit and verify initial access - [to-do]
    2.2 Find the user flag.txt - [to-do]
        2.2.1 Search for the user flag.txt file - [to-do]
        2.2.2 Read the contents of the user flag.txt file - [to-do]
3. Privilege Escalation - [to-do]
    3.1 Run linpeas and linenum - [to-do]
        3.1.1 Download and transfer linpeas and linenum to the target machine - [to-do]
        3.1.2 Run linpeas and linenum to identify potential privilege escalation vulnerabilities - [to-do]
    3.2 Find the root flag.txt - [to-do]
        3.2.1 Exploit the identified privilege escalation vulnerabilities - [to-do]
        3.2.2 Verify the privilege escalation by accessing the root flag.txt file - [to-do]

Here is the updated PTT with the given test results:

1. Reconnaissance - [to-do]
    1.2 Port Scan - [completed]
        1.2.1 Perform a port scan using nmap - [completed]
        1.2.2 Identify open ports and services - [completed]
    1.3 Explore service and identify vulnerabilties - [to-do]
        1.3.1 Identify the operating system and version - [completed]
        1.3.2 Identify the services and their versions - [completed]
        1.3.3 Research known vulnerabilities for each service and version - [to-do]
2. Initial Access - [to-do]
    2.1 Exploit vulnerabilities - [to-do]
        2.1.1 Identify a suitable exploit for the discovered vulnerabilities - [to-do]
        2.1.2 Prepare the payload and exploit - [to-do]
        2.1.3 Execute the exploit and verify initial access - [to-do]
    2.2 Find the user flag.txt - [to-do]
        2.2Here are the possible todo tasks in the PTT:

1. Reconnaissance - [to-do]
    1.3 Explore service and identify vulnerabilties - [to-do]
        1.3.3 Research known vulnerabilities for each service and version - [to-do]
2. Initial Access - [to-do]
    2.1 Exploit vulnerabilities - [to-do]
        2.1.1 Identify a suitable exploit for the discovered vulnerabilities - [to-do]
        2.1.2 Prepare the payload and exploit - [to-do]
        2.1.3 Execute the exploit and verify initial access - [to-do]
3. Privilege Escalation - [to-do]
    3.1 Run linpeas and linenum - [to-do]
        3.1.1 Download and transfer linpeas and linenum to the target machine - [to-do]

Considering the given information, the most favorable and likely to lead to a successful exploit is the following sub-task:

1.3.3 Research known vulnerabilities for each service and version - [to-do]

To perform this task, follow these steps:

1. Research known vulnerabilities for the gRPC service: Since the service running on port 50051 is identified as gRPC, research known vulnerabilities related to this service. This can be done using various resources, such as the National Vulnerability Database (NVD), Exploit-DB, and Google searches for known vulnerabilities and exploits related to the gRPC service.
2. Identify any discovered vulnerabilities that could be exploited for initial access: Once potential vulnerabilities are found, assess their exploitability and potential impact on the target system. If a suitable vulnerability is identified, proceed to the next steps in the PTT to exploit it and gain initial access.

Note that the provided example of grpcurl usage can be used to interact with the gRPC service, but it does not directly provide a method for exploiting vulnerabilities.
--------------------------------------------------------------------------
user_prompt: Next with source: tool. grpcurl -plaintext 10.10.11.214:50051 list

SimpleApp
grpc.reflection.v1alpha.ServerReflection
response: 1. Reconnaissance - [to-do]
    1.2 Port Scan - [completed]
        1.2.1 Perform a port scan using nmap - [completed]
        1.2.2 Identify open ports and services - [completed]
    1.3 Explore service and identify vulnerabilties - [to-do]
        1.3.1 Identify the operating system and version - [completed]
        1.3.2 Identify the services and their versions - [completed]
        1.3.3 Research known vulnerabilities for each service and version - [to-do]
2. Initial Access - [to-do]
    2.1 Exploit vulnerabilities - [to-do]
        2.1.1 Identify a suitable exploit for the discovered vulnerabilities - [to-do]
        2.1.2 Prepare the payload and exploit - [to-do]
        2.1.3 Execute the exploit and verify initial access - [to-do]
    2.2 Find the user flag.txt - [to-do]
        2.2.1 Search for the user flag.txt file - [to-do]
        2.2.2 Read the contents of the user flag.txt file - [to-do]
3. Privilege Escalation - [to-do]
    3.1 Run linpeas and linenum - [to-do]
        3.1.1 Download and transfer linpeas and linenum to the target machine - [to-do]
        3.1.2 Run linpeas and linenum to identify potential privilege escalation vulnerabilities - [to-do]
    3.2 Find the root flag.txt - [to-do]
        3.2.1 Exploit the identified privilege escalation vulnerabilities - [to-do]
        3.2.2 Verify the privilege escalation by accessing the root flag.txt file - [to-do]

Here is the updated PTT with the given test results:

1. Reconnaissance - [to-do]
    1.2 Port Scan - [completed]
        1.2.1 Perform a port scan using nmap - [completed]
        1.2.2 Identify open ports and services - [completed]
    1.3 Explore service and identify vulnerabilties - [to-do]
        1.3.1 Identify the operating system and version - [completed]
        1.3.2 Identify the services and their versions - [completed]
        1.3.3 Research known vulnerabilities for each service and version - [to-do]
2. Initial Access - [to-do]
    2.1 Exploit vulnerabilities - [to-do]
        2.1.1 Identify a suitable exploit for the discovered vulnerabilities - [to-do]
        2.1.2 Prepare the payload and exploit - [to-do]
        2.1.3 Execute the exploit and verify initial access - [to-do]
    2.2 Find the user flag.txt - [to-do]
        2.2.1 Search for the user flag.txt file - [to-do]
        2.2.2 Read the contents of the user flag.txt file - [to-do]
3. Privilege Escalation - [to-do]
    3.1 Run linpeas and linenum - [to-do]
        3.1.1 Download and transfer linpeas and linenum to the target machine - [to-do]
        3.1.2 Run linpeas and linenum to identify potential privilege escalation vulnerabilities - [to-do]
    3.2 Find the root flag.txt - [to-do]
        3.2.1 Exploit the identified privilege escalation vulnerabilities - [to-do]
        3.2.2 Verify the privilege escalation by accessing the root flag.txt file - [to-do]

Based on the provided test results, the following tasks have been marked as completed:

1. Reconnaissance - [to-do]
    1.2 Port Scan - [completed]
        1.2.1 Perform a port scan using nmap - [completed]
        1.2.2 Identify open ports and services - [completed]

The remaining tasks are still in progress and will be updated as the penetration testing process continues.

Here is the additional information provided:

1. The gRPC service on port 50051 is queried using grpcurl for listing SimpleApp and gRPC reflection.
2. The server is expected to respond with the list of available services.
3. The output should provide information about the SimpleApp service and its methods.
4. The output should also include details about the gRPC reflection service, including any available methods.
5. The response should be in plaintext format.
6. The IP address of the server is 10.10.11.214.
7. The port number for the gRPC service is 50051.
8. This command is executed for the purpose of discovering available services and their methods through the gRPC protocol.

Based on this information, the following tasks can be added to the PTT:

1. Interact with the gRPC service using grpcurl: Since the gRPC service is running on port 50051, interact with it using the grpcurl command-line tool to explore the available services and their methods.
2. Query the SimpleApp service and gRPC reflection service: Use grpcurl to list the available services and their methods, focusing on the SimpleApp service and gRPC reflection service.

These additional tasks will help in further understanding the capabilities of the gRPC service and identifying any potential vulnerabilities that can be exploited for initial access.Here are the possible todo tasks in the PTT:

1. Reconnaissance - [to-do]
    1.3 Explore service and identify vulnerabilties - [to-do]
        1.3.3 Research known vulnerabilities for each service and version - [to-do]
2. Initial Access - [to-do]
    2.1 Exploit vulnerabilities - [to-do]
        2.1.1 Identify a suitable exploit for the discovered vulnerabilities - [to-do]
        2.1.2 Prepare the payload and exploit - [to-do]
        2.1.3 Execute the exploit and verify initial access - [to-do]
3. Privilege Escalation - [to-do]
    3.1 Run linpeas and linenum - [to-do]
        3.1.1 Download and transfer linpeas and linenum to the target machine - [to-do]

Considering the given information, the most favorable and likely to lead to a successful exploit is the following sub-task:

1.3.3 Research known vulnerabilities for each service and version - [to-do]

To perform this task, follow these steps:

1. Research known vulnerabilities for the gRPC service: Since the service running on port 50051 is identified as gRPC, research known vulnerabilities related to this service. This can be done using various resources, such as the National Vulnerability Database (NVD), Exploit-DB, and Google searches for known vulnerabilities and exploits related to the gRPC service.
2. Identify any discovered vulnerabilities that could be exploited for initial access: Once potential vulnerabilities are found, assess their exploitability and potential impact on the target system. If a suitable vulnerability is identified, proceed to the next steps in the PTT to exploit it and gain initial access.

Note that the provided example of grpcurl usage can be used to interact with the gRPC service, but it does not directly provide a method for exploiting vulnerabilities.

The additional information provided can be used to further explore the capabilities of the gRPC service, including the available services and their methods. This information can be obtained using grpcurl to query the SimpleApp service and gRPC reflection service, as described in the updated PTT.
--------------------------------------------------------------------------
user_prompt: Next with source: tool. grpcurl -plaintext 10.10.11.214:50051 describe SimpleApp   

SimpleApp is a service:
service SimpleApp {
  rpc LoginUser ( .LoginUserRequest ) returns ( .LoginUserResponse );
  rpc RegisterUser ( .RegisterUserRequest ) returns ( .RegisterUserResponse );
  rpc getInfo ( .getInfoRequest ) returns ( .getInfoResponse );
}


grpcurl -plaintext 10.10.11.214:50051 describe .LoginUserRequest

LoginUserRequest is a message:
message LoginUserRequest {
  string username = 1;
  string password = 2;
}
response: 1. Reconnaissance - [to-do]
    1.2 Port Scan - [completed]
        1.2.1 Perform a port scan using nmap - [completed]
        1.2.2 Identify open ports and services - [completed]
    1.3 Explore service and identify vulnerabilties - [to-do]
        1.3.1 Identify the operating system and version - [completed]
        1.3.2 Identify the services and their versions - [completed]
        1.3.3 Research known vulnerabilities for each service and version - [to-do]
2. Initial Access - [to-do]
    2.1 Exploit vulnerabilities - [to-do]
        2.1.1 Identify a suitable exploit for the discovered vulnerabilities - [to-do]
        2.1.2 Prepare the payload and exploit - [to-do]
        2.1.3 Execute the exploit and verify initial access - [to-do]
    2.2 Find the user flag.txt - [to-do]
        2.2.1 Search for the user flag.txt file - [to-do]
        2.2.2 Read the contents of the user flag.txt file - [to-do]
3. Privilege Escalation - [to-do]
    3.1 Run linpeas and linenum - [to-do]
        3.1.1 Download and transfer linpeas and linenum to the target machine - [to-do]
        3.1.2 Run linpeas and linenum to identify potential privilege escalation vulnerabilities - [to-do]
    3.2 Find the root flag.txt - [to-do]
        3.2.1 Exploit the identified privilege escalation vulnerabilities - [to-do]
        3.2.2 Verify the privilege escalation by accessing the root flag.txt file - [to-do]

Here is the updated PTT with the given test results:

1. Reconnaissance - [to-do]
    1.2 Port Scan - [completed]
        1.2.1 Perform a port scan using nmap - [completed]
        1.2.2 Identify open ports and services - [completed]
    1.3 Explore service and identify vulnerabilties - [to-do]
        1.3.1 Identify the operating system and version - [completed]
        1.3.2 Identify the services and their versions - [completed]
        1.3.3 Research known vulnerabilities for each service and version - [to-do]
2. Initial Access - [to-do]
    2.1 Exploit vulnerabilities - [to-do]
        2.1.1 Identify a suitable exploit for the discovered vulnerabilities - [to-do]
        2.1.2 Prepare the payload and exploit - [to-do]
        2.1.3 Execute the exploit and verify initial access - [to-do]
    2.2 Find the user flag.txt - [to-do]
        2.2.1 Search for the user flag.txt file - [to-do]
        2.2.2 Read the contents of the user flag.txt file - [to-do]
3. Privilege Escalation - [to-do]
    3.1 Run linpeas and linenum - [to-do]
        3.1.1 Download and transfer linpeas and linenum to the target machine - [to-do]
        3.1.2 Run linpeas and linenum to identify potential privilege escalation vulnerabilities - [to-do]
    3.2 Find the root flag.txt - [to-do]
        3.2.1 Exploit the identified privilege escalation vulnerabilities - [to-do]
        3.2.2 Verify the privilege escalation by accessing the root flag.txt file - [to-do]

Based on the provided test results, the following tasks have been marked as completed:

1. Reconnaissance - [to-do]
    1.2 Port Scan - [completed]
        1.2.1 Perform a port scan using nmap - [completed]
        1.2.2 Identify open ports and services - [completed]

The remaining tasks are still in progress and will be updated as the penetration testing process continues.

Here is the additional information provided:

1. The gRPC service on port 5005Here are the possible todo tasks in the PTT:

1. Reconnaissance - [to-do]
    1.3 Explore service and identify vulnerabilties - [to-do]
        1.3.3 Research known vulnerabilities for each service and version - [to-do]
2. Initial Access - [to-do]
    2.1 Exploit vulnerabilities - [to-do]
        2.1.1 Identify a suitable exploit for the discovered vulnerabilities - [to-do]
        2.1.2 Prepare the payload and exploit - [to-do]
        2.1.3 Execute the exploit and verify initial access - [to-do]
3. Privilege Escalation - [to-do]
    3.1 Run linpeas and linenum - [to-do]
        3.1.1 Download and transfer linpeas and linenum to the target machine - [to-do]

Considering the given information, the most favorable and likely to lead to a successful exploit is the following sub-task:

1.3.3 Research known vulnerabilities for each service and version - [to-do]

To perform this task, follow these steps:

1. Research known vulnerabilities for the gRPC service: Since the service running on port 50051 is identified as gRPC, research known vulnerabilities related to this service. This can be done using various resources, such as the National Vulnerability Database (NVD), Exploit-DB, and Google searches for known vulnerabilities and exploits related to the gRPC service.
2. Identify any discovered vulnerabilities that could be exploited for initial access: Once potential vulnerabilities are found, assess their exploitability and potential impact on the target system. If a suitable vulnerability is identified, proceed to the next steps in the PTT to exploit it and gain initial access.

Note that the provided example of grpcurl usage can be used to interact with the gRPC service, but it does not directly provide a method for exploiting vulnerabilities.
--------------------------------------------------------------------------
user_prompt: quit
response: Thank you for using PentestGPT!
--------------------------------------------------------------------------
