Please describe the penetration testing task in one line, including the target IP, task type, etc.
> I have a Linux hack the box macine. The target IP is 10.10.11.214
PentestGPT output:
1. Perform initial reconnaissance:
    - 1.1. Use nmap to scan the target machine ports. The command is `nmap -sV -sC -p- -oN nmap_scan.txt`.
    - Expected outcome: A list of open ports and services.

2. Analyze the nmap scan results:
    - 2.1. Identify interesting ports and services.
    - 2.2. Decide which ports and services are worth further investigation.
    - 2.3. If no interesting ports are found, go back to 1.1 and try another scan method (e.g., different scan options or a different tool).

3. Test the identified ports and services:
    - 3.1. Use appropriate tools (e.g., nikto for web services, hydra for brute force attacks) to test the ports and services.
    - 3.2. For each tool, provide a recommended command or GUI operation, or suggest the user to search online.
    - 3.3. For each tool, provide the expected outcome.

4. Analyze the testing results:
    - 4.1. Identify any vulnerabilities or weaknesses in the target machine.
    - 4.2. Decide which vulnerabilities or weaknesses are worth further investigation.
    - 4.3. If no vulnerabilities are found, go back to 3.1 and test another port or service.

5. Exploit the identified vulnerabilities:
    - 5.1. Use appropriate tools (e.g., metasploit, msfver) to exploit the vulnerabilities.
    - 5.2. For each tool, provide a recommended command or GUI operation, or suggest the user to search online.
    - 5.3. For each tool, provide the expected outcome.

6. Analyze the exploitation results:
    - 6.1. Identify any successful exploits or unauthorized access.
    - 6.2. Decide which successful exploits or unauthorized access are worth further investigation.
    - 6.3. If no successful exploits are found, go back to 5.1 and exploit another vulnerability.

7. Validate the results:
    - 7.1. Use appropriate tools (e.g., nmap, netcat) to confirm the unauthorized access.
    - 7.2. For each tool, provide a recommended command or GUI operation, or suggest the user to search online.
    - 7.3. For each tool, provide the expected outcome.

8. Document the findings:
    - 8.1. Create a report that includes all the interesting points, testing results, and any unauthorized access.
    - 8.2. Review the report to ensure that it is clear, concise, and accurate.
    - 8.3. Submit the report to the appropriate stakeholders for review and action.
Task: Analyze the nmap scan results

Recommended steps:

1. Open the "nmap_scan.txt" file in a text editor.
2. Review the list of open ports and services.
3. Identify any interesting ports or services that may be worth further investigation.
4. Decide which ports and services are worth further investigation based on the context of the test.
5. If no interesting ports are found, go back to 1.1 and try another scan method (e.g., different scan options or a different tool).

Expected outcome: A list of interesting ports and services that may be worth further investigation.
